<?xml version="1.0" encoding="UTF-8"?>
<!-- Generated by org.testng.reporters.JUnitReportReporter -->
<testsuite hostname="Boobal" failures="0" tests="1" name="com.example.TC_02_OpenGoogle" time="4.767" errors="0" timestamp="2022-04-25T21:59:00 IST" skipped="0">
  <testcase classname="com.example.TC_02_OpenGoogle" name="test01" time="4.767"/>
  <system-out/>
</testsuite> <!-- com.example.TC_02_OpenGoogle -->
