<?xml version="1.0" encoding="UTF-8"?>
<!-- Generated by org.testng.reporters.JUnitReportReporter -->
<testsuite hostname="Boobal" failures="0" tests="1" name="com.DemoPack.TC_01_Demo_TestNG" time="0.009" errors="0" timestamp="2022-04-25T21:48:19 IST" skipped="0">
  <testcase classname="com.DemoPack.TC_01_Demo_TestNG" name="f" time="0.009"/>
  <system-out/>
</testsuite> <!-- com.DemoPack.TC_01_Demo_TestNG -->
