<?xml version="1.0" encoding="UTF-8"?>
<!-- Generated by org.testng.reporters.JUnitReportReporter -->
<testsuite hostname="Boobal" failures="0" tests="1" name="com.example.TC_01_Demo_TestNG" time="0.002" errors="0" timestamp="2022-04-25T22:03:17 IST" skipped="0">
  <testcase classname="com.example.TC_01_Demo_TestNG" name="f" time="0.002"/>
  <system-out/>
</testsuite> <!-- com.example.TC_01_Demo_TestNG -->
